{"/Users/nick.bansal/Desktop/Dev/practice-app/src/newsApiConfig.js": {"path":"/Users/nick.bansal/Desktop/Dev/practice-app/src/newsApiConfig.js","statementMap":{},"fnMap":{},"branchMap":{},"s":{},"f":{},"b":{},"hash":"f08a4177c1144f78f05d1c128b42a35e808a702e"}
,"/Users/nick.bansal/Desktop/Dev/practice-app/src/setupTests.js": {"path":"/Users/nick.bansal/Desktop/Dev/practice-app/src/setupTests.js","statementMap":{},"fnMap":{},"branchMap":{},"s":{},"f":{},"b":{},"hash":"2ed9568ab7783cded7b0cc6259c92cd9d0151404"}
,"/Users/nick.bansal/Desktop/Dev/practice-app/src/assets/globalStyles/index.js": {"path":"/Users/nick.bansal/Desktop/Dev/practice-app/src/assets/globalStyles/index.js","statementMap":{"0":{"start":{"line":4,"column":27},"end":{"line":14,"column":1}},"1":{"start":{"line":16,"column":18},"end":{"line":25,"column":1}}},"fnMap":{},"branchMap":{},"s":{"0":0,"1":0},"f":{},"b":{},"hash":"f18ae90856243f32a587ac2438637174ad82feb9"}
,"/Users/nick.bansal/Desktop/Dev/practice-app/src/assets/globalStyles/constants/index.js": {"path":"/Users/nick.bansal/Desktop/Dev/practice-app/src/assets/globalStyles/constants/index.js","statementMap":{"0":{"start":{"line":1,"column":23},"end":{"line":5,"column":1}},"1":{"start":{"line":7,"column":24},"end":{"line":9,"column":1}}},"fnMap":{},"branchMap":{},"s":{"0":0,"1":0},"f":{},"b":{},"hash":"d83cc9257a8b4e7a46943cedea96f8ae26620711"}
}
