TN:
SF:/Users/nick.bansal/Desktop/Dev/practice-app/src/newsApiConfig.js
FNF:0
FNH:0
LF:0
LH:0
BRF:0
BRH:0
end_of_record
TN:
SF:/Users/nick.bansal/Desktop/Dev/practice-app/src/setupTests.js
FNF:0
FNH:0
LF:0
LH:0
BRF:0
BRH:0
end_of_record
TN:
SF:/Users/nick.bansal/Desktop/Dev/practice-app/src/assets/globalStyles/index.js
FNF:0
FNH:0
DA:4,0
DA:16,0
LF:2
LH:0
BRF:0
BRH:0
end_of_record
TN:
SF:/Users/nick.bansal/Desktop/Dev/practice-app/src/assets/globalStyles/constants/index.js
FNF:0
FNH:0
DA:1,0
DA:7,0
LF:2
LH:0
BRF:0
BRH:0
end_of_record
